<?xml version="1.0" encoding="UTF-8"?>
<testsuite name="rspec" tests="32" skipped="0" failures="0" errors="0" time="2.635340" timestamp="2019-12-24T09:19:09-04:00" hostname="sys7-B250M-DS3H">
<properties>
<property name="seed" value="3038"/>
</properties>
<testcase classname="spec.delete_spec" name="delete when a registered user should eql &quot;204&quot;" file="./spec/delete_spec.rb" time="0.596526"></testcase>
<testcase classname="spec.delete_spec" name="delete when not exists should eql &quot;404&quot;" file="./spec/delete_spec.rb" time="0.128138"></testcase>
<testcase classname="spec.delete_spec" name="delete when wrong id should eql &quot;412&quot;" file="./spec/delete_spec.rb" time="0.121148"></testcase>
<testcase classname="spec.get_spec" name="get when a registered user should eql &quot;200&quot;" file="./spec/get_spec.rb" time="0.121558"></testcase>
<testcase classname="spec.get_spec" name="get when a registered user should eql &quot;Pius Thicknesse&quot;" file="./spec/get_spec.rb" time="0.144698"></testcase>
<testcase classname="spec.get_spec" name="get when a registered user should eql &quot;$2b$10$Mxno.srmIVvM9gLlAGJNpehZjvf4y5o4tXBclVJIFpARgY3ApKotK&quot;" file="./spec/get_spec.rb" time="0.128496"></testcase>
<testcase classname="spec.get_spec" name="get when a registered user should eql &quot;wilky.twycross@hotmail.com&quot;" file="./spec/get_spec.rb" time="0.124027"></testcase>
<testcase classname="spec.get_spec" name="get when a registered user should eql 11, 19, 13, 24, 12, 2019, 2, 358, false, and nil" file="./spec/get_spec.rb" time="0.125275"></testcase>
<testcase classname="spec.get_spec" name="get when a registered user should eql 11, 19, 13, 24, 12, 2019, 2, 358, false, and nil" file="./spec/get_spec.rb" time="0.123084"></testcase>
<testcase classname="spec.get_spec" name="get when not found should eql &quot;404&quot;" file="./spec/get_spec.rb" time="0.123553"></testcase>
<testcase classname="spec.get_spec" name="get when wrong id should eql &quot;412&quot;" file="./spec/get_spec.rb" time="0.120883"></testcase>
<testcase classname="spec.get_spec" name="get when other id should eql &quot;401&quot;" file="./spec/get_spec.rb" time="0.183115"></testcase>
<testcase classname="spec.post_spec" name="post when new user should eql &quot;200&quot;" file="./spec/post_spec.rb" time="0.060823"></testcase>
<testcase classname="spec.post_spec" name="post when wrong email should eql &quot;412&quot;" file="./spec/post_spec.rb" time="0.005425"></testcase>
<testcase classname="spec.post_spec" name="post when wrong email should eql &quot;Oops. You entered a wrong email.&quot;" file="./spec/post_spec.rb" time="0.006464"></testcase>
<testcase classname="spec.post_spec" name="post when duplicate email should eql &quot;409&quot;" file="./spec/post_spec.rb" time="0.119549"></testcase>
<testcase classname="spec.post_spec" name="post when duplicate email should eql &quot;Oops. Looks like you already have an account with this email address.&quot;" file="./spec/post_spec.rb" time="0.117388"></testcase>
<testcase classname="spec.post_spec" name="post when empty name should eql &quot;412&quot;" file="./spec/post_spec.rb" time="0.005665"></testcase>
<testcase classname="spec.post_spec" name="post when empty name should eql &quot;Validation notEmpty on full_name failed&quot;" file="./spec/post_spec.rb" time="0.008163"></testcase>
<testcase classname="spec.post_spec" name="post when empty email should eql &quot;412&quot;" file="./spec/post_spec.rb" time="0.006126"></testcase>
<testcase classname="spec.post_spec" name="post when empty email should eql &quot;Validation notEmpty on email failed&quot;" file="./spec/post_spec.rb" time="0.006064"></testcase>
<testcase classname="spec.post_spec" name="post when empty password should eql &quot;412&quot;" file="./spec/post_spec.rb" time="0.008883"></testcase>
<testcase classname="spec.post_spec" name="post when empty password should eql &quot;Validation notEmpty on password failed&quot;" file="./spec/post_spec.rb" time="0.006504"></testcase>
<testcase classname="spec.post_spec" name="post when name is null should eql &quot;412&quot;" file="./spec/post_spec.rb" time="0.005826"></testcase>
<testcase classname="spec.post_spec" name="post when name is null should eql &quot;Users.full_name cannot be null&quot;" file="./spec/post_spec.rb" time="0.004883"></testcase>
<testcase classname="spec.post_spec" name="post when email is null should eql &quot;412&quot;" file="./spec/post_spec.rb" time="0.004234"></testcase>
<testcase classname="spec.post_spec" name="post when email is null should eql &quot;Users.email cannot be null&quot;" file="./spec/post_spec.rb" time="0.005528"></testcase>
<testcase classname="spec.post_spec" name="post when password is null should eql &quot;412&quot;" file="./spec/post_spec.rb" time="0.005719"></testcase>
<testcase classname="spec.post_spec" name="post when password is null should eql &quot;Users.password cannot be null&quot;" file="./spec/post_spec.rb" time="0.005461"></testcase>
<testcase classname="spec.put_spec" name="put when a registered user should eql &quot;200&quot;" file="./spec/put_spec.rb" time="0.000116"></testcase>
<testcase classname="spec.put_spec" name="put when a registered user should eql &quot;Katia Kurenai&quot;" file="./spec/put_spec.rb" time="0.000116"></testcase>
<testcase classname="spec.put_spec" name="put when a registered user should eql &quot;katia@kurenai.com&quot;" file="./spec/put_spec.rb" time="0.000061"></testcase>
</testsuite>
